  main.cpp
c:\users\asus\desktop\pvecode2\pve_repo\期末大作业\植物大战僵尸\main.cpp(283): warning C4244: “参数”: 从“time_t”转换到“unsigned int”，可能丢失数据
c:\users\asus\desktop\pvecode2\pve_repo\期末大作业\植物大战僵尸\main.cpp(286): error C2665: “loadimage”: 2 个重载中没有一个可以转换所有参数类型
  d:\visal studio\vc\auxiliary\vs\include\easyx.h(258): note: 可能是“void loadimage(IMAGE *,LPCTSTR,int,int,bool)”
  c:\users\asus\desktop\pvecode2\pve_repo\期末大作业\植物大战僵尸\main.cpp(286): note: 尝试匹配参数列表“(IMAGE *, const char [11])”时
c:\users\asus\desktop\pvecode2\pve_repo\期末大作业\植物大战僵尸\main.cpp(289): error C2665: “loadimage”: 2 个重载中没有一个可以转换所有参数类型
  d:\visal studio\vc\auxiliary\vs\include\easyx.h(258): note: 可能是“void loadimage(IMAGE *,LPCTSTR,int,int,bool)”
  c:\users\asus\desktop\pvecode2\pve_repo\期末大作业\植物大战僵尸\main.cpp(289): note: 尝试匹配参数列表“(IMAGE *, const char [13])”时
c:\users\asus\desktop\pvecode2\pve_repo\期末大作业\植物大战僵尸\main.cpp(310): error C2665: “loadimage”: 2 个重载中没有一个可以转换所有参数类型
  d:\visal studio\vc\auxiliary\vs\include\easyx.h(258): note: 可能是“void loadimage(IMAGE *,LPCTSTR,int,int,bool)”
  c:\users\asus\desktop\pvecode2\pve_repo\期末大作业\植物大战僵尸\main.cpp(310): note: 尝试匹配参数列表“(IMAGE *, char [64])”时
c:\users\asus\desktop\pvecode2\pve_repo\期末大作业\植物大战僵尸\main.cpp(316): error C2665: “loadimage”: 2 个重载中没有一个可以转换所有参数类型
  d:\visal studio\vc\auxiliary\vs\include\easyx.h(258): note: 可能是“void loadimage(IMAGE *,LPCTSTR,int,int,bool)”
  c:\users\asus\desktop\pvecode2\pve_repo\期末大作业\植物大战僵尸\main.cpp(316): note: 尝试匹配参数列表“(IMAGE *, char [64])”时
c:\users\asus\desktop\pvecode2\pve_repo\期末大作业\植物大战僵尸\main.cpp(329): error C2665: “loadimage”: 2 个重载中没有一个可以转换所有参数类型
  d:\visal studio\vc\auxiliary\vs\include\easyx.h(258): note: 可能是“void loadimage(IMAGE *,LPCTSTR,int,int,bool)”
  c:\users\asus\desktop\pvecode2\pve_repo\期末大作业\植物大战僵尸\main.cpp(329): note: 尝试匹配参数列表“(IMAGE *, char [64])”时
c:\users\asus\desktop\pvecode2\pve_repo\期末大作业\植物大战僵尸\main.cpp(335): error C2665: “loadimage”: 2 个重载中没有一个可以转换所有参数类型
  d:\visal studio\vc\auxiliary\vs\include\easyx.h(258): note: 可能是“void loadimage(IMAGE *,LPCTSTR,int,int,bool)”
  c:\users\asus\desktop\pvecode2\pve_repo\期末大作业\植物大战僵尸\main.cpp(335): note: 尝试匹配参数列表“(IMAGE *, char [64])”时
c:\users\asus\desktop\pvecode2\pve_repo\期末大作业\植物大战僵尸\main.cpp(347): error C2665: “loadimage”: 2 个重载中没有一个可以转换所有参数类型
  d:\visal studio\vc\auxiliary\vs\include\easyx.h(258): note: 可能是“void loadimage(IMAGE *,LPCTSTR,int,int,bool)”
  c:\users\asus\desktop\pvecode2\pve_repo\期末大作业\植物大战僵尸\main.cpp(347): note: 尝试匹配参数列表“(IMAGE *, char [64])”时
c:\users\asus\desktop\pvecode2\pve_repo\期末大作业\植物大战僵尸\main.cpp(353): error C2665: “loadimage”: 2 个重载中没有一个可以转换所有参数类型
  d:\visal studio\vc\auxiliary\vs\include\easyx.h(258): note: 可能是“void loadimage(IMAGE *,LPCTSTR,int,int,bool)”
  c:\users\asus\desktop\pvecode2\pve_repo\期末大作业\植物大战僵尸\main.cpp(353): note: 尝试匹配参数列表“(IMAGE *, char [64])”时
c:\users\asus\desktop\pvecode2\pve_repo\期末大作业\植物大战僵尸\main.cpp(359): error C2665: “loadimage”: 2 个重载中没有一个可以转换所有参数类型
  d:\visal studio\vc\auxiliary\vs\include\easyx.h(258): note: 可能是“void loadimage(IMAGE *,LPCTSTR,int,int,bool)”
  c:\users\asus\desktop\pvecode2\pve_repo\期末大作业\植物大战僵尸\main.cpp(359): note: 尝试匹配参数列表“(IMAGE *, char [64])”时
c:\users\asus\desktop\pvecode2\pve_repo\期末大作业\植物大战僵尸\main.cpp(365): error C2665: “loadimage”: 2 个重载中没有一个可以转换所有参数类型
  d:\visal studio\vc\auxiliary\vs\include\easyx.h(258): note: 可能是“void loadimage(IMAGE *,LPCTSTR,int,int,bool)”
  c:\users\asus\desktop\pvecode2\pve_repo\期末大作业\植物大战僵尸\main.cpp(365): note: 尝试匹配参数列表“(IMAGE *, char [64])”时
c:\users\asus\desktop\pvecode2\pve_repo\期末大作业\植物大战僵尸\main.cpp(371): error C2665: “loadimage”: 2 个重载中没有一个可以转换所有参数类型
  d:\visal studio\vc\auxiliary\vs\include\easyx.h(258): note: 可能是“void loadimage(IMAGE *,LPCTSTR,int,int,bool)”
  c:\users\asus\desktop\pvecode2\pve_repo\期末大作业\植物大战僵尸\main.cpp(371): note: 尝试匹配参数列表“(IMAGE *, char [64])”时
c:\users\asus\desktop\pvecode2\pve_repo\期末大作业\植物大战僵尸\main.cpp(375): error C2665: “loadimage”: 2 个重载中没有一个可以转换所有参数类型
  d:\visal studio\vc\auxiliary\vs\include\easyx.h(258): note: 可能是“void loadimage(IMAGE *,LPCTSTR,int,int,bool)”
  c:\users\asus\desktop\pvecode2\pve_repo\期末大作业\植物大战僵尸\main.cpp(375): note: 尝试匹配参数列表“(IMAGE *, const char [30])”时
c:\users\asus\desktop\pvecode2\pve_repo\期末大作业\植物大战僵尸\main.cpp(378): error C2665: “loadimage”: 2 个重载中没有一个可以转换所有参数类型
  d:\visal studio\vc\auxiliary\vs\include\easyx.h(258): note: 可能是“void loadimage(IMAGE *,LPCTSTR,int,int,bool)”
  c:\users\asus\desktop\pvecode2\pve_repo\期末大作业\植物大战僵尸\main.cpp(378): note: 尝试匹配参数列表“(IMAGE *, const char [29])”时
c:\users\asus\desktop\pvecode2\pve_repo\期末大作业\植物大战僵尸\main.cpp(380): warning C4244: “初始化”: 从“double”转换到“float”，可能丢失数据
c:\users\asus\desktop\pvecode2\pve_repo\期末大作业\植物大战僵尸\main.cpp(381): error C2665: “loadimage”: 2 个重载中没有一个可以转换所有参数类型
  d:\visal studio\vc\auxiliary\vs\include\easyx.h(259): note: 可能是“void loadimage(IMAGE *,LPCTSTR,LPCTSTR,int,int,bool)”
  d:\visal studio\vc\auxiliary\vs\include\easyx.h(258): note: 或    “void loadimage(IMAGE *,LPCTSTR,int,int,bool)”
  c:\users\asus\desktop\pvecode2\pve_repo\期末大作业\植物大战僵尸\main.cpp(382): note: 尝试匹配参数列表“(IMAGE *, const char [29], float, float, bool)”时
c:\users\asus\desktop\pvecode2\pve_repo\期末大作业\植物大战僵尸\main.cpp(386): error C2665: “loadimage”: 2 个重载中没有一个可以转换所有参数类型
  d:\visal studio\vc\auxiliary\vs\include\easyx.h(258): note: 可能是“void loadimage(IMAGE *,LPCTSTR,int,int,bool)”
  c:\users\asus\desktop\pvecode2\pve_repo\期末大作业\植物大战僵尸\main.cpp(386): note: 尝试匹配参数列表“(IMAGE *, const char [19])”时
c:\users\asus\desktop\pvecode2\pve_repo\期末大作业\植物大战僵尸\main.cpp(396): error C2664: “char *strcpy(char *,const char *)”: 无法将参数 1 从“WCHAR [32]”转换为“char *”
  c:\users\asus\desktop\pvecode2\pve_repo\期末大作业\植物大战僵尸\main.cpp(396): note: 与指向的类型无关；强制转换要求 reinterpret_cast、C 样式强制转换或函数样式强制转换
c:\users\asus\desktop\pvecode2\pve_repo\期末大作业\植物大战僵尸\main.cpp(404): error C2665: “loadimage”: 2 个重载中没有一个可以转换所有参数类型
  d:\visal studio\vc\auxiliary\vs\include\easyx.h(258): note: 可能是“void loadimage(IMAGE *,LPCTSTR,int,int,bool)”
  c:\users\asus\desktop\pvecode2\pve_repo\期末大作业\植物大战僵尸\main.cpp(404): note: 尝试匹配参数列表“(IMAGE *, const char [22])”时
c:\users\asus\desktop\pvecode2\pve_repo\期末大作业\植物大战僵尸\main.cpp(405): error C2665: “loadimage”: 2 个重载中没有一个可以转换所有参数类型
  d:\visal studio\vc\auxiliary\vs\include\easyx.h(259): note: 可能是“void loadimage(IMAGE *,LPCTSTR,LPCTSTR,int,int,bool)”
  d:\visal studio\vc\auxiliary\vs\include\easyx.h(258): note: 或    “void loadimage(IMAGE *,LPCTSTR,int,int,bool)”
  c:\users\asus\desktop\pvecode2\pve_repo\期末大作业\植物大战僵尸\main.cpp(405): note: 尝试匹配参数列表“(IMAGE *, const char [26], int, int, bool)”时
c:\users\asus\desktop\pvecode2\pve_repo\期末大作业\植物大战僵尸\main.cpp(408): error C2665: “loadimage”: 2 个重载中没有一个可以转换所有参数类型
  d:\visal studio\vc\auxiliary\vs\include\easyx.h(258): note: 可能是“void loadimage(IMAGE *,LPCTSTR,int,int,bool)”
  c:\users\asus\desktop\pvecode2\pve_repo\期末大作业\植物大战僵尸\main.cpp(408): note: 尝试匹配参数列表“(IMAGE *, const char [38])”时
c:\users\asus\desktop\pvecode2\pve_repo\期末大作业\植物大战僵尸\main.cpp(409): error C2665: “loadimage”: 2 个重载中没有一个可以转换所有参数类型
  d:\visal studio\vc\auxiliary\vs\include\easyx.h(258): note: 可能是“void loadimage(IMAGE *,LPCTSTR,int,int,bool)”
  c:\users\asus\desktop\pvecode2\pve_repo\期末大作业\植物大战僵尸\main.cpp(409): note: 尝试匹配参数列表“(IMAGE *, const char [38])”时
c:\users\asus\desktop\pvecode2\pve_repo\期末大作业\植物大战僵尸\main.cpp(422): error C2665: “loadimage”: 2 个重载中没有一个可以转换所有参数类型
  d:\visal studio\vc\auxiliary\vs\include\easyx.h(258): note: 可能是“void loadimage(IMAGE *,LPCTSTR,int,int,bool)”
  c:\users\asus\desktop\pvecode2\pve_repo\期末大作业\植物大战僵尸\main.cpp(422): note: 尝试匹配参数列表“(IMAGE *, const char [13])”时
c:\users\asus\desktop\pvecode2\pve_repo\期末大作业\植物大战僵尸\main.cpp(423): error C2665: “loadimage”: 2 个重载中没有一个可以转换所有参数类型
  d:\visal studio\vc\auxiliary\vs\include\easyx.h(258): note: 可能是“void loadimage(IMAGE *,LPCTSTR,int,int,bool)”
  c:\users\asus\desktop\pvecode2\pve_repo\期末大作业\植物大战僵尸\main.cpp(423): note: 尝试匹配参数列表“(IMAGE *, const char [14])”时
c:\users\asus\desktop\pvecode2\pve_repo\期末大作业\植物大战僵尸\main.cpp(424): error C2665: “loadimage”: 2 个重载中没有一个可以转换所有参数类型
  d:\visal studio\vc\auxiliary\vs\include\easyx.h(258): note: 可能是“void loadimage(IMAGE *,LPCTSTR,int,int,bool)”
  c:\users\asus\desktop\pvecode2\pve_repo\期末大作业\植物大战僵尸\main.cpp(424): note: 尝试匹配参数列表“(IMAGE *, const char [14])”时
c:\users\asus\desktop\pvecode2\pve_repo\期末大作业\植物大战僵尸\main.cpp(425): error C2665: “loadimage”: 2 个重载中没有一个可以转换所有参数类型
  d:\visal studio\vc\auxiliary\vs\include\easyx.h(258): note: 可能是“void loadimage(IMAGE *,LPCTSTR,int,int,bool)”
  c:\users\asus\desktop\pvecode2\pve_repo\期末大作业\植物大战僵尸\main.cpp(425): note: 尝试匹配参数列表“(IMAGE *, const char [25])”时
c:\users\asus\desktop\pvecode2\pve_repo\期末大作业\植物大战僵尸\main.cpp(426): error C2665: “loadimage”: 2 个重载中没有一个可以转换所有参数类型
  d:\visal studio\vc\auxiliary\vs\include\easyx.h(258): note: 可能是“void loadimage(IMAGE *,LPCTSTR,int,int,bool)”
  c:\users\asus\desktop\pvecode2\pve_repo\期末大作业\植物大战僵尸\main.cpp(426): note: 尝试匹配参数列表“(IMAGE *, const char [25])”时
c:\users\asus\desktop\pvecode2\pve_repo\期末大作业\植物大战僵尸\main.cpp(492): warning C4244: “参数”: 从“__int64”转换到“int”，可能丢失数据
c:\users\asus\desktop\pvecode2\pve_repo\期末大作业\植物大战僵尸\main.cpp(509): warning C4244: “参数”: 从“__int64”转换到“int”，可能丢失数据
c:\users\asus\desktop\pvecode2\pve_repo\期末大作业\植物大战僵尸\main.cpp(526): warning C4244: “参数”: 从“__int64”转换到“int”，可能丢失数据
c:\users\asus\desktop\pvecode2\pve_repo\期末大作业\植物大战僵尸\main.cpp(659): error C2665: “outtextxy”: 2 个重载中没有一个可以转换所有参数类型
  d:\visal studio\vc\auxiliary\vs\include\easyx.h(226): note: 可能是“void outtextxy(int,int,TCHAR)”
  d:\visal studio\vc\auxiliary\vs\include\easyx.h(225): note: 或    “void outtextxy(int,int,LPCTSTR)”
  c:\users\asus\desktop\pvecode2\pve_repo\期末大作业\植物大战僵尸\main.cpp(659): note: 尝试匹配参数列表“(int, int, char [8])”时
c:\users\asus\desktop\pvecode2\pve_repo\期末大作业\植物大战僵尸\main.cpp(702): warning C4244: “参数”: 从“__int64”转换到“int”，可能丢失数据
c:\users\asus\desktop\pvecode2\pve_repo\期末大作业\植物大战僵尸\main.cpp(818): error C4996: 'fopen': This function or variable may be unsafe. Consider using fopen_s instead. To disable deprecation, use _CRT_SECURE_NO_WARNINGS. See online help for details.
  e:\windows kits\10\include\10.0.17763.0\ucrt\stdio.h(208): note: 参见“fopen”的声明
c:\users\asus\desktop\pvecode2\pve_repo\期末大作业\植物大战僵尸\main.cpp(873): error C2665: “loadimage”: 2 个重载中没有一个可以转换所有参数类型
  d:\visal studio\vc\auxiliary\vs\include\easyx.h(258): note: 可能是“void loadimage(IMAGE *,LPCTSTR,int,int,bool)”
  c:\users\asus\desktop\pvecode2\pve_repo\期末大作业\植物大战僵尸\main.cpp(873): note: 尝试匹配参数列表“(int, const char [16])”时
c:\users\asus\desktop\pvecode2\pve_repo\期末大作业\植物大战僵尸\main.cpp(874): error C2664: “MCIERROR mciSendStringW(LPCWSTR,LPWSTR,UINT,HWND)”: 无法将参数 1 从“const char [17]”转换为“LPCWSTR”
  c:\users\asus\desktop\pvecode2\pve_repo\期末大作业\植物大战僵尸\main.cpp(874): note: 与指向的类型无关；强制转换要求 reinterpret_cast、C 样式强制转换或函数样式强制转换
c:\users\asus\desktop\pvecode2\pve_repo\期末大作业\植物大战僵尸\main.cpp(879): error C2665: “loadimage”: 2 个重载中没有一个可以转换所有参数类型
  d:\visal studio\vc\auxiliary\vs\include\easyx.h(258): note: 可能是“void loadimage(IMAGE *,LPCTSTR,int,int,bool)”
  c:\users\asus\desktop\pvecode2\pve_repo\期末大作业\植物大战僵尸\main.cpp(879): note: 尝试匹配参数列表“(int, const char [17])”时
c:\users\asus\desktop\pvecode2\pve_repo\期末大作业\植物大战僵尸\main.cpp(880): error C2664: “MCIERROR mciSendStringW(LPCWSTR,LPWSTR,UINT,HWND)”: 无法将参数 1 从“const char [18]”转换为“LPCWSTR”
  c:\users\asus\desktop\pvecode2\pve_repo\期末大作业\植物大战僵尸\main.cpp(880): note: 与指向的类型无关；强制转换要求 reinterpret_cast、C 样式强制转换或函数样式强制转换
c:\users\asus\desktop\pvecode2\pve_repo\期末大作业\植物大战僵尸\main.cpp(918): warning C4244: “参数”: 从“__int64”转换到“int”，可能丢失数据
c:\users\asus\desktop\pvecode2\pve_repo\期末大作业\植物大战僵尸\main.cpp(920): warning C4244: “初始化”: 从“__int64”转换到“float”，可能丢失数据
c:\users\asus\desktop\pvecode2\pve_repo\期末大作业\植物大战僵尸\main.cpp(921): warning C4244: “=”: 从“double”转换到“float”，可能丢失数据
c:\users\asus\desktop\pvecode2\pve_repo\期末大作业\植物大战僵尸\main.cpp(942): warning C4244: “参数”: 从“__int64”转换到“int”，可能丢失数据
c:\users\asus\desktop\pvecode2\pve_repo\期末大作业\植物大战僵尸\main.cpp(942): warning C4244: “参数”: 从“double”转换到“int”，可能丢失数据
c:\users\asus\desktop\pvecode2\pve_repo\期末大作业\植物大战僵尸\main.cpp(943): warning C4244: “参数”: 从“__int64”转换到“int”，可能丢失数据
c:\users\asus\desktop\pvecode2\pve_repo\期末大作业\植物大战僵尸\main.cpp(943): warning C4244: “参数”: 从“double”转换到“int”，可能丢失数据
c:\users\asus\desktop\pvecode2\pve_repo\期末大作业\植物大战僵尸\main.cpp(946): warning C4305: “=”: 从“double”到“float”截断
c:\users\asus\desktop\pvecode2\pve_repo\期末大作业\植物大战僵尸\main.cpp(1041): warning C4244: “初始化”: 从“__int64”转换到“int”，可能丢失数据
c:\users\asus\desktop\pvecode2\pve_repo\期末大作业\植物大战僵尸\main.cpp(1042): warning C4244: “初始化”: 从“__int64”转换到“int”，可能丢失数据
c:\users\asus\desktop\pvecode2\pve_repo\期末大作业\植物大战僵尸\main.cpp(1054): error C2664: “BOOL PlaySoundW(LPCWSTR,HMODULE,DWORD)”: 无法将参数 1 从“const char [17]”转换为“LPCWSTR”
  c:\users\asus\desktop\pvecode2\pve_repo\期末大作业\植物大战僵尸\main.cpp(1054): note: 与指向的类型无关；强制转换要求 reinterpret_cast、C 样式强制转换或函数样式强制转换
c:\users\asus\desktop\pvecode2\pve_repo\期末大作业\植物大战僵尸\main.cpp(1069): warning C4244: “初始化”: 从“__int64”转换到“float”，可能丢失数据
c:\users\asus\desktop\pvecode2\pve_repo\期末大作业\植物大战僵尸\main.cpp(1071): warning C4244: “=”: 从“double”转换到“float”，可能丢失数据
c:\users\asus\desktop\pvecode2\pve_repo\期末大作业\植物大战僵尸\main.cpp(1638): warning C4553: “==”: 未使用表达式结果；是否打算使用“=”?
  tools.cpp
c:\users\asus\desktop\pvecode2\pve_repo\期末大作业\植物大战僵尸\tools.cpp(90): warning C4244: “初始化”: 从“unsigned __int64”转换到“int”，可能丢失数据
  vector2.cpp
c:\users\asus\desktop\pvecode2\pve_repo\期末大作业\植物大战僵尸\vector2.cpp(7): warning C4244: “参数”: 从“__int64”转换到“int”，可能丢失数据
c:\users\asus\desktop\pvecode2\pve_repo\期末大作业\植物大战僵尸\vector2.cpp(12): warning C4244: “参数”: 从“__int64”转换到“int”，可能丢失数据
c:\users\asus\desktop\pvecode2\pve_repo\期末大作业\植物大战僵尸\vector2.cpp(17): warning C4244: “参数”: 从“__int64”转换到“int”，可能丢失数据
c:\users\asus\desktop\pvecode2\pve_repo\期末大作业\植物大战僵尸\vector2.cpp(22): warning C4244: “参数”: 从“float”转换到“int”，可能丢失数据
c:\users\asus\desktop\pvecode2\pve_repo\期末大作业\植物大战僵尸\vector2.cpp(26): warning C4244: “参数”: 从“float”转换到“int”，可能丢失数据
c:\users\asus\desktop\pvecode2\pve_repo\期末大作业\植物大战僵尸\vector2.cpp(46): warning C4244: “return”: 从“double”转换到“__int64”，可能丢失数据
c:\users\asus\desktop\pvecode2\pve_repo\期末大作业\植物大战僵尸\vector2.cpp(51): warning C4244: “参数”: 从“__int64”转换到“int”，可能丢失数据
