c:\users\asus\desktop\植物大战僵尸\植物大战僵尸\植物大战僵尸\debug\vc141.pdb
c:\users\asus\desktop\植物大战僵尸\植物大战僵尸\植物大战僵尸\debug\vc141.idb
c:\users\asus\desktop\植物大战僵尸\植物大战僵尸\植物大战僵尸\debug\vector2.obj
c:\users\asus\desktop\植物大战僵尸\植物大战僵尸\植物大战僵尸\debug\tools.obj
c:\users\asus\desktop\植物大战僵尸\植物大战僵尸\植物大战僵尸\debug\main.obj
c:\users\asus\desktop\pvecode\remote_pve_repo\期末大作业\植物大战僵尸\debug\vc141.pdb
c:\users\asus\desktop\pvecode\remote_pve_repo\期末大作业\植物大战僵尸\debug\vc141.idb
c:\users\asus\desktop\pvecode\remote_pve_repo\期末大作业\植物大战僵尸\debug\vector2.obj
c:\users\asus\desktop\pvecode\remote_pve_repo\期末大作业\植物大战僵尸\debug\tools.obj
c:\users\asus\desktop\pvecode\remote_pve_repo\期末大作业\植物大战僵尸\debug\main.obj
c:\users\asus\desktop\pvecode2\pve_repo\期末大作业\植物大战僵尸\debug\vc141.pdb
c:\users\asus\desktop\pvecode2\pve_repo\期末大作业\植物大战僵尸\debug\vc141.idb
c:\users\asus\desktop\pvecode2\pve_repo\期末大作业\植物大战僵尸\debug\vector2.obj
c:\users\asus\desktop\pvecode2\pve_repo\期末大作业\植物大战僵尸\debug\tools.obj
c:\users\asus\desktop\pvecode2\pve_repo\期末大作业\植物大战僵尸\debug\main.obj
c:\users\asus\desktop\植物大战僵尸\植物大战僵尸\debug\植物大战僵尸.exe
c:\users\asus\desktop\植物大战僵尸\植物大战僵尸\debug\植物大战僵尸.ilk
c:\users\asus\desktop\植物大战僵尸\植物大战僵尸\debug\植物大战僵尸.pdb
c:\users\asus\desktop\pvecode\remote_pve_repo\期末大作业\debug\植物大战僵尸.exe
c:\users\asus\desktop\pvecode\remote_pve_repo\期末大作业\debug\植物大战僵尸.ilk
c:\users\asus\desktop\pvecode\remote_pve_repo\期末大作业\debug\植物大战僵尸.pdb
c:\users\asus\desktop\pvecode2\pve_repo\期末大作业\debug\植物大战僵尸.exe
c:\users\asus\desktop\pvecode2\pve_repo\期末大作业\debug\植物大战僵尸.ilk
c:\users\asus\desktop\pvecode2\pve_repo\期末大作业\debug\植物大战僵尸.pdb
c:\users\asus\desktop\pvecode2\pve_repo\期末大作业\植物大战僵尸\debug\main.obj.enc
c:\users\asus\desktop\pvecode2\pve_repo\期末大作业\植物大战僵尸\debug\植物大战僵尸.tlog\cl.command.1.tlog
c:\users\asus\desktop\pvecode2\pve_repo\期末大作业\植物大战僵尸\debug\植物大战僵尸.tlog\cl.read.1.tlog
c:\users\asus\desktop\pvecode2\pve_repo\期末大作业\植物大战僵尸\debug\植物大战僵尸.tlog\cl.write.1.tlog
c:\users\asus\desktop\pvecode2\pve_repo\期末大作业\植物大战僵尸\debug\植物大战僵尸.tlog\link.command.1.tlog
c:\users\asus\desktop\pvecode2\pve_repo\期末大作业\植物大战僵尸\debug\植物大战僵尸.tlog\link.read.1.tlog
c:\users\asus\desktop\pvecode2\pve_repo\期末大作业\植物大战僵尸\debug\植物大战僵尸.tlog\link.write.1.tlog
